<?xml version="1.0" encoding="UTF-8"?>
<testsuite xmlns:xsi="http://www.w3.org/2001/XMLSchema-instance" xsi:noNamespaceSchemaLocation="https://maven.apache.org/surefire/maven-surefire-plugin/xsd/surefire-test-report.xsd" name="homework05.accuWeather.TestAccuWeather" time="1.287" tests="9" errors="0" skipped="0" failures="0">
  <properties>
    <property name="java.specification.version" value="19"/>
    <property name="sun.cpu.isalist" value="amd64"/>
    <property name="sun.jnu.encoding" value="Cp1251"/>
    <property name="java.class.path" value="C:\Users\IrinaFil\IdeaProjects\Test-automation-Java\target\test-classes;C:\Users\IrinaFil\IdeaProjects\Test-automation-Java\target\classes;C:\Users\IrinaFil\.m2\repository\org\junit\jupiter\junit-jupiter-engine\5.9.2\junit-jupiter-engine-5.9.2.jar;C:\Users\IrinaFil\.m2\repository\org\junit\platform\junit-platform-engine\1.9.2\junit-platform-engine-1.9.2.jar;C:\Users\IrinaFil\.m2\repository\org\opentest4j\opentest4j\1.2.0\opentest4j-1.2.0.jar;C:\Users\IrinaFil\.m2\repository\org\junit\platform\junit-platform-commons\1.9.2\junit-platform-commons-1.9.2.jar;C:\Users\IrinaFil\.m2\repository\org\junit\jupiter\junit-jupiter-api\5.9.2\junit-jupiter-api-5.9.2.jar;C:\Users\IrinaFil\.m2\repository\org\apiguardian\apiguardian-api\1.1.2\apiguardian-api-1.1.2.jar;C:\Users\IrinaFil\.m2\repository\org\junit\jupiter\junit-jupiter-params\5.9.2\junit-jupiter-params-5.9.2.jar;C:\Users\IrinaFil\.m2\repository\io\rest-assured\rest-assured\5.3.2\rest-assured-5.3.2.jar;C:\Users\IrinaFil\.m2\repository\org\apache\groovy\groovy\4.0.11\groovy-4.0.11.jar;C:\Users\IrinaFil\.m2\repository\org\apache\groovy\groovy-xml\4.0.11\groovy-xml-4.0.11.jar;C:\Users\IrinaFil\.m2\repository\org\apache\httpcomponents\httpclient\4.5.13\httpclient-4.5.13.jar;C:\Users\IrinaFil\.m2\repository\org\apache\httpcomponents\httpcore\4.4.13\httpcore-4.4.13.jar;C:\Users\IrinaFil\.m2\repository\commons-logging\commons-logging\1.2\commons-logging-1.2.jar;C:\Users\IrinaFil\.m2\repository\commons-codec\commons-codec\1.11\commons-codec-1.11.jar;C:\Users\IrinaFil\.m2\repository\org\apache\httpcomponents\httpmime\4.5.13\httpmime-4.5.13.jar;C:\Users\IrinaFil\.m2\repository\org\hamcrest\hamcrest\2.2\hamcrest-2.2.jar;C:\Users\IrinaFil\.m2\repository\org\ccil\cowan\tagsoup\tagsoup\1.2.1\tagsoup-1.2.1.jar;C:\Users\IrinaFil\.m2\repository\io\rest-assured\json-path\5.3.2\json-path-5.3.2.jar;C:\Users\IrinaFil\.m2\repository\org\apache\groovy\groovy-json\4.0.11\groovy-json-4.0.11.jar;C:\Users\IrinaFil\.m2\repository\io\rest-assured\rest-assured-common\5.3.2\rest-assured-common-5.3.2.jar;C:\Users\IrinaFil\.m2\repository\io\rest-assured\xml-path\5.3.2\xml-path-5.3.2.jar;C:\Users\IrinaFil\.m2\repository\com\fasterxml\jackson\core\jackson-databind\2.15.2\jackson-databind-2.15.2.jar;C:\Users\IrinaFil\.m2\repository\com\fasterxml\jackson\core\jackson-annotations\2.15.2\jackson-annotations-2.15.2.jar;C:\Users\IrinaFil\.m2\repository\com\fasterxml\jackson\core\jackson-core\2.15.2\jackson-core-2.15.2.jar;C:\Users\IrinaFil\.m2\repository\com\googlecode\json-simple\json-simple\1.1.1\json-simple-1.1.1.jar;C:\Users\IrinaFil\.m2\repository\junit\junit\4.10\junit-4.10.jar;C:\Users\IrinaFil\.m2\repository\org\hamcrest\hamcrest-core\1.1\hamcrest-core-1.1.jar;C:\Users\IrinaFil\.m2\repository\org\apache\maven\maven-core\3.9.5\maven-core-3.9.5.jar;C:\Users\IrinaFil\.m2\repository\org\apache\maven\maven-model\3.9.5\maven-model-3.9.5.jar;C:\Users\IrinaFil\.m2\repository\org\apache\maven\maven-settings\3.9.5\maven-settings-3.9.5.jar;C:\Users\IrinaFil\.m2\repository\org\apache\maven\maven-settings-builder\3.9.5\maven-settings-builder-3.9.5.jar;C:\Users\IrinaFil\.m2\repository\org\codehaus\plexus\plexus-sec-dispatcher\2.0\plexus-sec-dispatcher-2.0.jar;C:\Users\IrinaFil\.m2\repository\org\codehaus\plexus\plexus-cipher\2.0\plexus-cipher-2.0.jar;C:\Users\IrinaFil\.m2\repository\org\apache\maven\maven-builder-support\3.9.5\maven-builder-support-3.9.5.jar;C:\Users\IrinaFil\.m2\repository\org\apache\maven\maven-repository-metadata\3.9.5\maven-repository-metadata-3.9.5.jar;C:\Users\IrinaFil\.m2\repository\org\apache\maven\maven-artifact\3.9.5\maven-artifact-3.9.5.jar;C:\Users\IrinaFil\.m2\repository\org\apache\maven\maven-plugin-api\3.9.5\maven-plugin-api-3.9.5.jar;C:\Users\IrinaFil\.m2\repository\org\apache\maven\maven-model-builder\3.9.5\maven-model-builder-3.9.5.jar;C:\Users\IrinaFil\.m2\repository\org\apache\maven\maven-resolver-provider\3.9.5\maven-resolver-provider-3.9.5.jar;C:\Users\IrinaFil\.m2\repository\org\apache\maven\resolver\maven-resolver-impl\1.9.16\maven-resolver-impl-1.9.16.jar;C:\Users\IrinaFil\.m2\repository\org\apache\maven\resolver\maven-resolver-named-locks\1.9.16\maven-resolver-named-locks-1.9.16.jar;C:\Users\IrinaFil\.m2\repository\org\apache\maven\resolver\maven-resolver-api\1.9.16\maven-resolver-api-1.9.16.jar;C:\Users\IrinaFil\.m2\repository\org\apache\maven\resolver\maven-resolver-spi\1.9.16\maven-resolver-spi-1.9.16.jar;C:\Users\IrinaFil\.m2\repository\org\apache\maven\resolver\maven-resolver-util\1.9.16\maven-resolver-util-1.9.16.jar;C:\Users\IrinaFil\.m2\repository\org\apache\maven\shared\maven-shared-utils\3.3.4\maven-shared-utils-3.3.4.jar;C:\Users\IrinaFil\.m2\repository\org\eclipse\sisu\org.eclipse.sisu.plexus\0.3.5\org.eclipse.sisu.plexus-0.3.5.jar;C:\Users\IrinaFil\.m2\repository\javax\annotation\javax.annotation-api\1.2\javax.annotation-api-1.2.jar;C:\Users\IrinaFil\.m2\repository\org\eclipse\sisu\org.eclipse.sisu.inject\0.3.5\org.eclipse.sisu.inject-0.3.5.jar;C:\Users\IrinaFil\.m2\repository\com\google\inject\guice\5.1.0\guice-5.1.0.jar;C:\Users\IrinaFil\.m2\repository\aopalliance\aopalliance\1.0\aopalliance-1.0.jar;C:\Users\IrinaFil\.m2\repository\com\google\guava\guava\32.0.1-jre\guava-32.0.1-jre.jar;C:\Users\IrinaFil\.m2\repository\com\google\guava\failureaccess\1.0.1\failureaccess-1.0.1.jar;C:\Users\IrinaFil\.m2\repository\javax\inject\javax.inject\1\javax.inject-1.jar;C:\Users\IrinaFil\.m2\repository\org\codehaus\plexus\plexus-utils\3.5.1\plexus-utils-3.5.1.jar;C:\Users\IrinaFil\.m2\repository\org\codehaus\plexus\plexus-classworlds\2.7.0\plexus-classworlds-2.7.0.jar;C:\Users\IrinaFil\.m2\repository\org\codehaus\plexus\plexus-interpolation\1.26\plexus-interpolation-1.26.jar;C:\Users\IrinaFil\.m2\repository\org\codehaus\plexus\plexus-component-annotations\2.1.0\plexus-component-annotations-2.1.0.jar;C:\Users\IrinaFil\.m2\repository\org\apache\commons\commons-lang3\3.12.0\commons-lang3-3.12.0.jar;C:\Users\IrinaFil\.m2\repository\org\apache\maven\plugins\maven-compiler-plugin\3.11.0\maven-compiler-plugin-3.11.0.jar;C:\Users\IrinaFil\.m2\repository\org\apache\maven\shared\maven-shared-incremental\1.1\maven-shared-incremental-1.1.jar;C:\Users\IrinaFil\.m2\repository\org\codehaus\plexus\plexus-java\1.1.2\plexus-java-1.1.2.jar;C:\Users\IrinaFil\.m2\repository\org\ow2\asm\asm\9.4\asm-9.4.jar;C:\Users\IrinaFil\.m2\repository\com\thoughtworks\qdox\qdox\2.0.3\qdox-2.0.3.jar;C:\Users\IrinaFil\.m2\repository\org\codehaus\plexus\plexus-compiler-api\2.13.0\plexus-compiler-api-2.13.0.jar;C:\Users\IrinaFil\.m2\repository\org\codehaus\plexus\plexus-compiler-manager\2.13.0\plexus-compiler-manager-2.13.0.jar;C:\Users\IrinaFil\.m2\repository\org\codehaus\plexus\plexus-compiler-javac\2.13.0\plexus-compiler-javac-2.13.0.jar;C:\Users\IrinaFil\.m2\repository\org\xerial\sqlite-jdbc\3.42.0.0\sqlite-jdbc-3.42.0.0.jar;C:\Users\IrinaFil\.m2\repository\org\hibernate\hibernate-core\5.6.15.Final\hibernate-core-5.6.15.Final.jar;C:\Users\IrinaFil\.m2\repository\org\jboss\logging\jboss-logging\3.4.3.Final\jboss-logging-3.4.3.Final.jar;C:\Users\IrinaFil\.m2\repository\javax\persistence\javax.persistence-api\2.2\javax.persistence-api-2.2.jar;C:\Users\IrinaFil\.m2\repository\net\bytebuddy\byte-buddy\1.12.18\byte-buddy-1.12.18.jar;C:\Users\IrinaFil\.m2\repository\antlr\antlr\2.7.7\antlr-2.7.7.jar;C:\Users\IrinaFil\.m2\repository\org\jboss\spec\javax\transaction\jboss-transaction-api_1.2_spec\1.1.1.Final\jboss-transaction-api_1.2_spec-1.1.1.Final.jar;C:\Users\IrinaFil\.m2\repository\org\jboss\jandex\2.4.2.Final\jandex-2.4.2.Final.jar;C:\Users\IrinaFil\.m2\repository\com\fasterxml\classmate\1.5.1\classmate-1.5.1.jar;C:\Users\IrinaFil\.m2\repository\javax\activation\javax.activation-api\1.2.0\javax.activation-api-1.2.0.jar;C:\Users\IrinaFil\.m2\repository\org\hibernate\common\hibernate-commons-annotations\5.1.2.Final\hibernate-commons-annotations-5.1.2.Final.jar;C:\Users\IrinaFil\.m2\repository\javax\xml\bind\jaxb-api\2.3.1\jaxb-api-2.3.1.jar;C:\Users\IrinaFil\.m2\repository\org\glassfish\jaxb\jaxb-runtime\2.3.1\jaxb-runtime-2.3.1.jar;C:\Users\IrinaFil\.m2\repository\org\glassfish\jaxb\txw2\2.3.1\txw2-2.3.1.jar;C:\Users\IrinaFil\.m2\repository\com\sun\istack\istack-commons-runtime\3.0.7\istack-commons-runtime-3.0.7.jar;C:\Users\IrinaFil\.m2\repository\org\jvnet\staxex\stax-ex\1.8\stax-ex-1.8.jar;C:\Users\IrinaFil\.m2\repository\com\sun\xml\fastinfoset\FastInfoset\1.2.15\FastInfoset-1.2.15.jar;C:\Users\IrinaFil\.m2\repository\org\hibernate\hibernate-entitymanager\5.6.15.Final\hibernate-entitymanager-5.6.15.Final.jar;C:\Users\IrinaFil\.m2\repository\com\zsoltfabok\sqlite-dialect\1.0\sqlite-dialect-1.0.jar;C:\Users\IrinaFil\.m2\repository\com\github\tomakehurst\wiremock\1.58\wiremock-1.58.jar;C:\Users\IrinaFil\.m2\repository\xmlunit\xmlunit\1.6\xmlunit-1.6.jar;C:\Users\IrinaFil\.m2\repository\org\mortbay\jetty\jetty\6.1.26\jetty-6.1.26.jar;C:\Users\IrinaFil\.m2\repository\org\mortbay\jetty\jetty-util\6.1.26\jetty-util-6.1.26.jar;C:\Users\IrinaFil\.m2\repository\org\mortbay\jetty\servlet-api\2.5-20081211\servlet-api-2.5-20081211.jar;C:\Users\IrinaFil\.m2\repository\org\skyscreamer\jsonassert\1.2.3\jsonassert-1.2.3.jar;C:\Users\IrinaFil\.m2\repository\org\json\json\20090211\json-20090211.jar;C:\Users\IrinaFil\.m2\repository\com\jayway\jsonpath\json-path\0.8.1\json-path-0.8.1.jar;C:\Users\IrinaFil\.m2\repository\net\minidev\json-smart\1.1.1\json-smart-1.1.1.jar;C:\Users\IrinaFil\.m2\repository\commons-lang\commons-lang\2.6\commons-lang-2.6.jar;C:\Users\IrinaFil\.m2\repository\net\sf\jopt-simple\jopt-simple\4.9\jopt-simple-4.9.jar;C:\Users\IrinaFil\.m2\repository\ch\qos\logback\logback-core\1.4.7\logback-core-1.4.7.jar;C:\Users\IrinaFil\.m2\repository\org\slf4j\slf4j-api\2.0.5\slf4j-api-2.0.5.jar;C:\Users\IrinaFil\.m2\repository\ch\qos\logback\logback-classic\1.4.7\logback-classic-1.4.7.jar;C:\Users\IrinaFil\.m2\repository\io\qameta\allure\allure-junit5\2.22.1\allure-junit5-2.22.1.jar;C:\Users\IrinaFil\.m2\repository\io\qameta\allure\allure-junit-platform\2.22.1\allure-junit-platform-2.22.1.jar;C:\Users\IrinaFil\.m2\repository\io\qameta\allure\allure-java-commons\2.22.1\allure-java-commons-2.22.1.jar;C:\Users\IrinaFil\.m2\repository\io\qameta\allure\allure-model\2.22.1\allure-model-2.22.1.jar;C:\Users\IrinaFil\.m2\repository\io\qameta\allure\allure-test-filter\2.22.1\allure-test-filter-2.22.1.jar;C:\Users\IrinaFil\.m2\repository\org\junit\platform\junit-platform-launcher\1.9.2\junit-platform-launcher-1.9.2.jar;"/>
    <property name="java.vm.vendor" value="Oracle Corporation"/>
    <property name="sun.arch.data.model" value="64"/>
    <property name="user.variant" value=""/>
    <property name="java.vendor.url" value="https://java.oracle.com/"/>
    <property name="user.timezone" value="Europe/Moscow"/>
    <property name="os.name" value="Windows 10"/>
    <property name="java.vm.specification.version" value="19"/>
    <property name="sun.java.launcher" value="SUN_STANDARD"/>
    <property name="user.country" value="RU"/>
    <property name="sun.boot.library.path" value="C:\Users\IrinaFil\.jdks\openjdk-19.0.1\bin"/>
    <property name="sun.java.command" value="C:\Users\IrinaFil\AppData\Local\Temp\surefire11055367872722747515\surefirebooter10880434217701074328.jar C:\Users\IrinaFil\AppData\Local\Temp\surefire11055367872722747515 2023-11-05T13-07-19_329-jvmRun1 surefire3251396676143243912tmp surefire_013406788997280909044tmp"/>
    <property name="jdk.debug" value="release"/>
    <property name="surefire.test.class.path" value="C:\Users\IrinaFil\IdeaProjects\Test-automation-Java\target\test-classes;C:\Users\IrinaFil\IdeaProjects\Test-automation-Java\target\classes;C:\Users\IrinaFil\.m2\repository\org\junit\jupiter\junit-jupiter-engine\5.9.2\junit-jupiter-engine-5.9.2.jar;C:\Users\IrinaFil\.m2\repository\org\junit\platform\junit-platform-engine\1.9.2\junit-platform-engine-1.9.2.jar;C:\Users\IrinaFil\.m2\repository\org\opentest4j\opentest4j\1.2.0\opentest4j-1.2.0.jar;C:\Users\IrinaFil\.m2\repository\org\junit\platform\junit-platform-commons\1.9.2\junit-platform-commons-1.9.2.jar;C:\Users\IrinaFil\.m2\repository\org\junit\jupiter\junit-jupiter-api\5.9.2\junit-jupiter-api-5.9.2.jar;C:\Users\IrinaFil\.m2\repository\org\apiguardian\apiguardian-api\1.1.2\apiguardian-api-1.1.2.jar;C:\Users\IrinaFil\.m2\repository\org\junit\jupiter\junit-jupiter-params\5.9.2\junit-jupiter-params-5.9.2.jar;C:\Users\IrinaFil\.m2\repository\io\rest-assured\rest-assured\5.3.2\rest-assured-5.3.2.jar;C:\Users\IrinaFil\.m2\repository\org\apache\groovy\groovy\4.0.11\groovy-4.0.11.jar;C:\Users\IrinaFil\.m2\repository\org\apache\groovy\groovy-xml\4.0.11\groovy-xml-4.0.11.jar;C:\Users\IrinaFil\.m2\repository\org\apache\httpcomponents\httpclient\4.5.13\httpclient-4.5.13.jar;C:\Users\IrinaFil\.m2\repository\org\apache\httpcomponents\httpcore\4.4.13\httpcore-4.4.13.jar;C:\Users\IrinaFil\.m2\repository\commons-logging\commons-logging\1.2\commons-logging-1.2.jar;C:\Users\IrinaFil\.m2\repository\commons-codec\commons-codec\1.11\commons-codec-1.11.jar;C:\Users\IrinaFil\.m2\repository\org\apache\httpcomponents\httpmime\4.5.13\httpmime-4.5.13.jar;C:\Users\IrinaFil\.m2\repository\org\hamcrest\hamcrest\2.2\hamcrest-2.2.jar;C:\Users\IrinaFil\.m2\repository\org\ccil\cowan\tagsoup\tagsoup\1.2.1\tagsoup-1.2.1.jar;C:\Users\IrinaFil\.m2\repository\io\rest-assured\json-path\5.3.2\json-path-5.3.2.jar;C:\Users\IrinaFil\.m2\repository\org\apache\groovy\groovy-json\4.0.11\groovy-json-4.0.11.jar;C:\Users\IrinaFil\.m2\repository\io\rest-assured\rest-assured-common\5.3.2\rest-assured-common-5.3.2.jar;C:\Users\IrinaFil\.m2\repository\io\rest-assured\xml-path\5.3.2\xml-path-5.3.2.jar;C:\Users\IrinaFil\.m2\repository\com\fasterxml\jackson\core\jackson-databind\2.15.2\jackson-databind-2.15.2.jar;C:\Users\IrinaFil\.m2\repository\com\fasterxml\jackson\core\jackson-annotations\2.15.2\jackson-annotations-2.15.2.jar;C:\Users\IrinaFil\.m2\repository\com\fasterxml\jackson\core\jackson-core\2.15.2\jackson-core-2.15.2.jar;C:\Users\IrinaFil\.m2\repository\com\googlecode\json-simple\json-simple\1.1.1\json-simple-1.1.1.jar;C:\Users\IrinaFil\.m2\repository\junit\junit\4.10\junit-4.10.jar;C:\Users\IrinaFil\.m2\repository\org\hamcrest\hamcrest-core\1.1\hamcrest-core-1.1.jar;C:\Users\IrinaFil\.m2\repository\org\apache\maven\maven-core\3.9.5\maven-core-3.9.5.jar;C:\Users\IrinaFil\.m2\repository\org\apache\maven\maven-model\3.9.5\maven-model-3.9.5.jar;C:\Users\IrinaFil\.m2\repository\org\apache\maven\maven-settings\3.9.5\maven-settings-3.9.5.jar;C:\Users\IrinaFil\.m2\repository\org\apache\maven\maven-settings-builder\3.9.5\maven-settings-builder-3.9.5.jar;C:\Users\IrinaFil\.m2\repository\org\codehaus\plexus\plexus-sec-dispatcher\2.0\plexus-sec-dispatcher-2.0.jar;C:\Users\IrinaFil\.m2\repository\org\codehaus\plexus\plexus-cipher\2.0\plexus-cipher-2.0.jar;C:\Users\IrinaFil\.m2\repository\org\apache\maven\maven-builder-support\3.9.5\maven-builder-support-3.9.5.jar;C:\Users\IrinaFil\.m2\repository\org\apache\maven\maven-repository-metadata\3.9.5\maven-repository-metadata-3.9.5.jar;C:\Users\IrinaFil\.m2\repository\org\apache\maven\maven-artifact\3.9.5\maven-artifact-3.9.5.jar;C:\Users\IrinaFil\.m2\repository\org\apache\maven\maven-plugin-api\3.9.5\maven-plugin-api-3.9.5.jar;C:\Users\IrinaFil\.m2\repository\org\apache\maven\maven-model-builder\3.9.5\maven-model-builder-3.9.5.jar;C:\Users\IrinaFil\.m2\repository\org\apache\maven\maven-resolver-provider\3.9.5\maven-resolver-provider-3.9.5.jar;C:\Users\IrinaFil\.m2\repository\org\apache\maven\resolver\maven-resolver-impl\1.9.16\maven-resolver-impl-1.9.16.jar;C:\Users\IrinaFil\.m2\repository\org\apache\maven\resolver\maven-resolver-named-locks\1.9.16\maven-resolver-named-locks-1.9.16.jar;C:\Users\IrinaFil\.m2\repository\org\apache\maven\resolver\maven-resolver-api\1.9.16\maven-resolver-api-1.9.16.jar;C:\Users\IrinaFil\.m2\repository\org\apache\maven\resolver\maven-resolver-spi\1.9.16\maven-resolver-spi-1.9.16.jar;C:\Users\IrinaFil\.m2\repository\org\apache\maven\resolver\maven-resolver-util\1.9.16\maven-resolver-util-1.9.16.jar;C:\Users\IrinaFil\.m2\repository\org\apache\maven\shared\maven-shared-utils\3.3.4\maven-shared-utils-3.3.4.jar;C:\Users\IrinaFil\.m2\repository\org\eclipse\sisu\org.eclipse.sisu.plexus\0.3.5\org.eclipse.sisu.plexus-0.3.5.jar;C:\Users\IrinaFil\.m2\repository\javax\annotation\javax.annotation-api\1.2\javax.annotation-api-1.2.jar;C:\Users\IrinaFil\.m2\repository\org\eclipse\sisu\org.eclipse.sisu.inject\0.3.5\org.eclipse.sisu.inject-0.3.5.jar;C:\Users\IrinaFil\.m2\repository\com\google\inject\guice\5.1.0\guice-5.1.0.jar;C:\Users\IrinaFil\.m2\repository\aopalliance\aopalliance\1.0\aopalliance-1.0.jar;C:\Users\IrinaFil\.m2\repository\com\google\guava\guava\32.0.1-jre\guava-32.0.1-jre.jar;C:\Users\IrinaFil\.m2\repository\com\google\guava\failureaccess\1.0.1\failureaccess-1.0.1.jar;C:\Users\IrinaFil\.m2\repository\javax\inject\javax.inject\1\javax.inject-1.jar;C:\Users\IrinaFil\.m2\repository\org\codehaus\plexus\plexus-utils\3.5.1\plexus-utils-3.5.1.jar;C:\Users\IrinaFil\.m2\repository\org\codehaus\plexus\plexus-classworlds\2.7.0\plexus-classworlds-2.7.0.jar;C:\Users\IrinaFil\.m2\repository\org\codehaus\plexus\plexus-interpolation\1.26\plexus-interpolation-1.26.jar;C:\Users\IrinaFil\.m2\repository\org\codehaus\plexus\plexus-component-annotations\2.1.0\plexus-component-annotations-2.1.0.jar;C:\Users\IrinaFil\.m2\repository\org\apache\commons\commons-lang3\3.12.0\commons-lang3-3.12.0.jar;C:\Users\IrinaFil\.m2\repository\org\apache\maven\plugins\maven-compiler-plugin\3.11.0\maven-compiler-plugin-3.11.0.jar;C:\Users\IrinaFil\.m2\repository\org\apache\maven\shared\maven-shared-incremental\1.1\maven-shared-incremental-1.1.jar;C:\Users\IrinaFil\.m2\repository\org\codehaus\plexus\plexus-java\1.1.2\plexus-java-1.1.2.jar;C:\Users\IrinaFil\.m2\repository\org\ow2\asm\asm\9.4\asm-9.4.jar;C:\Users\IrinaFil\.m2\repository\com\thoughtworks\qdox\qdox\2.0.3\qdox-2.0.3.jar;C:\Users\IrinaFil\.m2\repository\org\codehaus\plexus\plexus-compiler-api\2.13.0\plexus-compiler-api-2.13.0.jar;C:\Users\IrinaFil\.m2\repository\org\codehaus\plexus\plexus-compiler-manager\2.13.0\plexus-compiler-manager-2.13.0.jar;C:\Users\IrinaFil\.m2\repository\org\codehaus\plexus\plexus-compiler-javac\2.13.0\plexus-compiler-javac-2.13.0.jar;C:\Users\IrinaFil\.m2\repository\org\xerial\sqlite-jdbc\3.42.0.0\sqlite-jdbc-3.42.0.0.jar;C:\Users\IrinaFil\.m2\repository\org\hibernate\hibernate-core\5.6.15.Final\hibernate-core-5.6.15.Final.jar;C:\Users\IrinaFil\.m2\repository\org\jboss\logging\jboss-logging\3.4.3.Final\jboss-logging-3.4.3.Final.jar;C:\Users\IrinaFil\.m2\repository\javax\persistence\javax.persistence-api\2.2\javax.persistence-api-2.2.jar;C:\Users\IrinaFil\.m2\repository\net\bytebuddy\byte-buddy\1.12.18\byte-buddy-1.12.18.jar;C:\Users\IrinaFil\.m2\repository\antlr\antlr\2.7.7\antlr-2.7.7.jar;C:\Users\IrinaFil\.m2\repository\org\jboss\spec\javax\transaction\jboss-transaction-api_1.2_spec\1.1.1.Final\jboss-transaction-api_1.2_spec-1.1.1.Final.jar;C:\Users\IrinaFil\.m2\repository\org\jboss\jandex\2.4.2.Final\jandex-2.4.2.Final.jar;C:\Users\IrinaFil\.m2\repository\com\fasterxml\classmate\1.5.1\classmate-1.5.1.jar;C:\Users\IrinaFil\.m2\repository\javax\activation\javax.activation-api\1.2.0\javax.activation-api-1.2.0.jar;C:\Users\IrinaFil\.m2\repository\org\hibernate\common\hibernate-commons-annotations\5.1.2.Final\hibernate-commons-annotations-5.1.2.Final.jar;C:\Users\IrinaFil\.m2\repository\javax\xml\bind\jaxb-api\2.3.1\jaxb-api-2.3.1.jar;C:\Users\IrinaFil\.m2\repository\org\glassfish\jaxb\jaxb-runtime\2.3.1\jaxb-runtime-2.3.1.jar;C:\Users\IrinaFil\.m2\repository\org\glassfish\jaxb\txw2\2.3.1\txw2-2.3.1.jar;C:\Users\IrinaFil\.m2\repository\com\sun\istack\istack-commons-runtime\3.0.7\istack-commons-runtime-3.0.7.jar;C:\Users\IrinaFil\.m2\repository\org\jvnet\staxex\stax-ex\1.8\stax-ex-1.8.jar;C:\Users\IrinaFil\.m2\repository\com\sun\xml\fastinfoset\FastInfoset\1.2.15\FastInfoset-1.2.15.jar;C:\Users\IrinaFil\.m2\repository\org\hibernate\hibernate-entitymanager\5.6.15.Final\hibernate-entitymanager-5.6.15.Final.jar;C:\Users\IrinaFil\.m2\repository\com\zsoltfabok\sqlite-dialect\1.0\sqlite-dialect-1.0.jar;C:\Users\IrinaFil\.m2\repository\com\github\tomakehurst\wiremock\1.58\wiremock-1.58.jar;C:\Users\IrinaFil\.m2\repository\xmlunit\xmlunit\1.6\xmlunit-1.6.jar;C:\Users\IrinaFil\.m2\repository\org\mortbay\jetty\jetty\6.1.26\jetty-6.1.26.jar;C:\Users\IrinaFil\.m2\repository\org\mortbay\jetty\jetty-util\6.1.26\jetty-util-6.1.26.jar;C:\Users\IrinaFil\.m2\repository\org\mortbay\jetty\servlet-api\2.5-20081211\servlet-api-2.5-20081211.jar;C:\Users\IrinaFil\.m2\repository\org\skyscreamer\jsonassert\1.2.3\jsonassert-1.2.3.jar;C:\Users\IrinaFil\.m2\repository\org\json\json\20090211\json-20090211.jar;C:\Users\IrinaFil\.m2\repository\com\jayway\jsonpath\json-path\0.8.1\json-path-0.8.1.jar;C:\Users\IrinaFil\.m2\repository\net\minidev\json-smart\1.1.1\json-smart-1.1.1.jar;C:\Users\IrinaFil\.m2\repository\commons-lang\commons-lang\2.6\commons-lang-2.6.jar;C:\Users\IrinaFil\.m2\repository\net\sf\jopt-simple\jopt-simple\4.9\jopt-simple-4.9.jar;C:\Users\IrinaFil\.m2\repository\ch\qos\logback\logback-core\1.4.7\logback-core-1.4.7.jar;C:\Users\IrinaFil\.m2\repository\org\slf4j\slf4j-api\2.0.5\slf4j-api-2.0.5.jar;C:\Users\IrinaFil\.m2\repository\ch\qos\logback\logback-classic\1.4.7\logback-classic-1.4.7.jar;C:\Users\IrinaFil\.m2\repository\io\qameta\allure\allure-junit5\2.22.1\allure-junit5-2.22.1.jar;C:\Users\IrinaFil\.m2\repository\io\qameta\allure\allure-junit-platform\2.22.1\allure-junit-platform-2.22.1.jar;C:\Users\IrinaFil\.m2\repository\io\qameta\allure\allure-java-commons\2.22.1\allure-java-commons-2.22.1.jar;C:\Users\IrinaFil\.m2\repository\io\qameta\allure\allure-model\2.22.1\allure-model-2.22.1.jar;C:\Users\IrinaFil\.m2\repository\io\qameta\allure\allure-test-filter\2.22.1\allure-test-filter-2.22.1.jar;C:\Users\IrinaFil\.m2\repository\org\junit\platform\junit-platform-launcher\1.9.2\junit-platform-launcher-1.9.2.jar;"/>
    <property name="sun.cpu.endian" value="little"/>
    <property name="user.home" value="C:\Users\IrinaFil"/>
    <property name="user.language" value="ru"/>
    <property name="java.specification.vendor" value="Oracle Corporation"/>
    <property name="java.version.date" value="2022-10-18"/>
    <property name="java.home" value="C:\Users\IrinaFil\.jdks\openjdk-19.0.1"/>
    <property name="file.separator" value="\"/>
    <property name="basedir" value="C:\Users\IrinaFil\IdeaProjects\Test-automation-Java"/>
    <property name="java.vm.compressedOopsMode" value="Zero based"/>
    <property name="line.separator" value="&#10;"/>
    <property name="java.vm.specification.vendor" value="Oracle Corporation"/>
    <property name="java.specification.name" value="Java Platform API Specification"/>
    <property name="surefire.real.class.path" value="C:\Users\IrinaFil\AppData\Local\Temp\surefire11055367872722747515\surefirebooter10880434217701074328.jar"/>
    <property name="user.script" value=""/>
    <property name="sun.management.compiler" value="HotSpot 64-Bit Tiered Compilers"/>
    <property name="java.runtime.version" value="19.0.1+10-21"/>
    <property name="user.name" value="IrinaFil"/>
    <property name="stdout.encoding" value="Cp1251"/>
    <property name="path.separator" value=";"/>
    <property name="os.version" value="10.0"/>
    <property name="java.runtime.name" value="OpenJDK Runtime Environment"/>
    <property name="file.encoding" value="UTF-8"/>
    <property name="java.vm.name" value="OpenJDK 64-Bit Server VM"/>
    <property name="localRepository" value="C:\Users\IrinaFil\.m2\repository"/>
    <property name="java.vendor.url.bug" value="https://bugreport.java.com/bugreport/"/>
    <property name="java.io.tmpdir" value="C:\Users\IrinaFil\AppData\Local\Temp\"/>
    <property name="idea.version" value="2022.3"/>
    <property name="java.version" value="19.0.1"/>
    <property name="user.dir" value="C:\Users\IrinaFil\IdeaProjects\Test-automation-Java"/>
    <property name="os.arch" value="amd64"/>
    <property name="java.vm.specification.name" value="Java Virtual Machine Specification"/>
    <property name="sun.os.patch.level" value=""/>
    <property name="native.encoding" value="Cp1251"/>
    <property name="java.library.path" value="C:\Users\IrinaFil\.jdks\openjdk-19.0.1\bin;C:\Windows\Sun\Java\bin;C:\Windows\system32;C:\Windows;C:\Users\IrinaFil\IdeaProjects;C:\Program Files\Common Files\Oracle\Java\javapath;C:\Windows\system32;C:\Windows;C:\Windows\System32\Wbem;C:\Windows\System32\WindowsPowerShell\v1.0\;C:\Windows\System32\OpenSSH\;C:\Program Files\dotnet\;C:\Program Files\Git\cmd;C:\Program Files (x86)\GitExtensions\;C:\Program Files\Microsoft SQL Server\150\Tools\Binn\;C:\Program Files\Microsoft SQL Server\Client SDK\ODBC\170\Tools\Binn\;C:\ProgramData\chocolatey\bin;C:\Program Files\nodejs\;;C:\Program Files\Docker\Docker\resources\bin;C:\Users\IrinaFil\AppData\Local\Programs\Python\Python311\Scripts\;C:\Users\IrinaFil\AppData\Local\Programs\Python\Python311\;C:\Users\IrinaFil\AppData\Local\Microsoft\WindowsApps;;C:\Users\IrinaFil\AppData\Local\Programs\Microsoft VS Code\bin;C:\Users\IrinaFil\.dotnet\tools;."/>
    <property name="junit.jupiter.extensions.autodetection.enabled" value="true"/>
    <property name="java.vm.info" value="mixed mode, sharing"/>
    <property name="stderr.encoding" value="Cp1251"/>
    <property name="java.vendor" value="Oracle Corporation"/>
    <property name="java.vm.version" value="19.0.1+10-21"/>
    <property name="sun.io.unicode.encoding" value="UnicodeLittle"/>
    <property name="java.class.version" value="63.0"/>
  </properties>
  <testcase name="testInformationAboutAllRegionsMock" classname="homework05.accuWeather.TestAccuWeather" time="0.406"/>
  <testcase name="testInformationAboutAdministrativeAreasMock" classname="homework05.accuWeather.TestAccuWeather" time="0.034"/>
  <testcase name="testInformationAboutAdministrativeAreasIsValueMock" classname="homework05.accuWeather.TestAccuWeather" time="0.093"/>
  <testcase name="testGetWeatherFiveDayReturnMock" classname="homework05.accuWeather.TestAccuWeather" time="0.072"/>
  <testcase name="testReturnAutocompleteOfTheSearchTextMock" classname="homework05.accuWeather.TestAccuWeather" time="0.051"/>
  <testcase name="testInformationReturnsForCitiesReturnMoscowMock" classname="homework05.accuWeather.TestAccuWeather" time="0.035"/>
  <testcase name="testInformationAboutAllCountriesWithinSpecifiedRegionMock" classname="homework05.accuWeather.TestAccuWeather" time="0.031"/>
  <testcase name="testGetWeatherOneDayReturnMock" classname="homework05.accuWeather.TestAccuWeather" time="0.031"/>
  <testcase name="testReturnsInformationForTheTop50Cities" classname="homework05.accuWeather.TestAccuWeather" time="0.026"/>
</testsuite>